[ 2017-11-17T19:26:43+08:00 ] ::1 /test/Public/plug/awesome/css/font-awesome.min.css
ERR: 无法加载模块:Public

[ 2017-11-17T19:26:43+08:00 ] ::1 /test/Public/plug/upimg/upimg.js
ERR: 无法加载模块:Public

[ 2017-11-17T19:26:43+08:00 ] ::1 /test/Public/plug/upimg/upimg.js
ERR: 无法加载模块:Public

[ 2017-11-17T19:26:43+08:00 ] ::1 /test/Public/plug/awesome/css/font-awesome.min.css
ERR: 无法加载模块:Public

[ 2017-11-17T19:36:39+08:00 ] ::1 /test/Public/plug/upimg/upimg.js
ERR: 无法加载模块:Public

[ 2017-11-17T19:36:39+08:00 ] ::1 /test/Public/plug/awesome/css/font-awesome.min.css
ERR: 无法加载模块:Public

[ 2017-11-17T19:39:58+08:00 ] ::1 /test/Public/plug/upimg/upimg.js
ERR: 无法加载模块:Public

[ 2017-11-17T19:39:58+08:00 ] ::1 /test/Public/plug/awesome/css/font-awesome.min.css
ERR: 无法加载模块:Public

[ 2017-11-17T19:41:35+08:00 ] ::1 /test/Public/plug/upimg/upimg.js
ERR: 无法加载模块:Public

[ 2017-11-17T19:41:36+08:00 ] ::1 /test/Public/plug/awesome/css/font-awesome.min.css
ERR: 无法加载模块:Public

[ 2017-11-17T19:43:44+08:00 ] ::1 /test/Public/plug/upimg/upimg.js
ERR: 无法加载模块:Public

[ 2017-11-17T19:43:44+08:00 ] ::1 /test/Public/plug/awesome/css/font-awesome.min.css
ERR: 无法加载模块:Public

[ 2017-11-17T19:51:39+08:00 ] ::1 /test/Public/plug/upimg/upimg.js
ERR: 无法加载模块:Public

[ 2017-11-17T19:51:39+08:00 ] ::1 /test/Public/plug/awesome/css/font-awesome.min.css
ERR: 无法加载模块:Public

[ 2017-11-17T19:51:58+08:00 ] ::1 /test/Public/plug/upimg/upimg.js
ERR: 无法加载模块:Public

[ 2017-11-17T19:51:59+08:00 ] ::1 /test/Public/plug/awesome/css/font-awesome.min.css
ERR: 无法加载模块:Public

[ 2017-11-17T20:15:48+08:00 ] ::1 /test/Public/plug/upimg/upimg.js
ERR: 无法加载模块:Public

[ 2017-11-17T20:15:48+08:00 ] ::1 /test/Public/plug/awesome/css/font-awesome.min.css
ERR: 无法加载模块:Public

[ 2017-11-17T20:17:52+08:00 ] ::1 /test/Public/plug/upimg/upimg.js
ERR: 无法加载模块:Public

[ 2017-11-17T20:17:52+08:00 ] ::1 /test/Public/plug/awesome/css/font-awesome.min.css
ERR: 无法加载模块:Public

[ 2017-11-17T20:17:53+08:00 ] ::1 /test/Public/plug/upimg/upimg.js
ERR: 无法加载模块:Public

[ 2017-11-17T20:17:53+08:00 ] ::1 /test/Public/plug/awesome/css/font-awesome.min.css
ERR: 无法加载模块:Public

[ 2017-11-17T20:19:23+08:00 ] ::1 /test/Public/plug/upimg/upimg.js
ERR: 无法加载模块:Public

[ 2017-11-17T20:19:23+08:00 ] ::1 /test/Public/plug/awesome/css/font-awesome.min.css
ERR: 无法加载模块:Public

[ 2017-11-17T20:19:23+08:00 ] ::1 /test/Public/plug/jquery_ztree/jquery.ztree.core-3.5.min.js
ERR: 无法加载模块:Public

[ 2017-11-17T20:19:23+08:00 ] ::1 /test/Public/plug/jquery_ztree/css/zTreeStyle/zTreeStyle.css
ERR: 无法加载模块:Public

[ 2017-11-17T20:19:23+08:00 ] ::1 /test/Public/plug/jquery_ztree/jquery.ztree.exedit.min.js
ERR: 无法加载模块:Public

[ 2017-11-17T20:19:23+08:00 ] ::1 /test/Public/plug/upimg/upimg.js
ERR: 无法加载模块:Public

[ 2017-11-17T20:19:23+08:00 ] ::1 /test/Public/plug/awesome/css/font-awesome.min.css
ERR: 无法加载模块:Public

[ 2017-11-17T20:19:23+08:00 ] ::1 /test/Public/plug/jquery_ztree/jquery.ztree.core-3.5.min.js
ERR: 无法加载模块:Public

[ 2017-11-17T20:19:23+08:00 ] ::1 /test/Public/plug/jquery_ztree/jquery.ztree.exedit.min.js
ERR: 无法加载模块:Public

[ 2017-11-17T20:19:23+08:00 ] ::1 /test/Public/plug/jquery_ztree/css/zTreeStyle/zTreeStyle.css
ERR: 无法加载模块:Public

[ 2017-11-17T20:19:29+08:00 ] ::1 /test/Public/plug/jquery_ztree/css/zTreeStyle/zTreeStyle.css
ERR: 无法加载模块:Public

[ 2017-11-17T20:19:29+08:00 ] ::1 /test/Public/plug/awesome/css/font-awesome.min.css
ERR: 无法加载模块:Public

[ 2017-11-17T20:26:28+08:00 ] ::1 /test/Public/plug/upimg/upimg.js
ERR: 无法加载模块:Public

[ 2017-11-17T20:26:28+08:00 ] ::1 /test/Public/plug/awesome/css/font-awesome.min.css
ERR: 无法加载模块:Public

[ 2017-11-17T20:26:28+08:00 ] ::1 /test/Public/plug/upimg/upimg.js
ERR: 无法加载模块:Public

[ 2017-11-17T20:26:28+08:00 ] ::1 /test/Public/plug/awesome/css/font-awesome.min.css
ERR: 无法加载模块:Public

[ 2017-11-17T20:26:51+08:00 ] ::1 /test/Public/plug/upimg/upimg.js
ERR: 无法加载模块:Public

[ 2017-11-17T20:26:51+08:00 ] ::1 /test/Public/plug/awesome/css/font-awesome.min.css
ERR: 无法加载模块:Public

[ 2017-11-17T20:27:31+08:00 ] ::1 /test/Public/plug/upimg/upimg.js
ERR: 无法加载模块:Public

[ 2017-11-17T20:27:31+08:00 ] ::1 /test/Public/plug/awesome/css/font-awesome.min.css
ERR: 无法加载模块:Public

[ 2017-11-17T20:30:22+08:00 ] ::1 /test/Public/plug/upimg/upimg.js
ERR: 无法加载模块:Public

[ 2017-11-17T20:30:22+08:00 ] ::1 /test/Public/plug/awesome/css/font-awesome.min.css
ERR: 无法加载模块:Public

[ 2017-11-17T20:30:22+08:00 ] ::1 /test/Public/plug/awesome/css/font-awesome.min.css
ERR: 无法加载模块:Public

[ 2017-11-17T20:30:39+08:00 ] ::1 /test/Public/plug/upimg/upimg.js
ERR: 无法加载模块:Public

[ 2017-11-17T20:30:39+08:00 ] ::1 /test/Public/plug/awesome/css/font-awesome.min.css
ERR: 无法加载模块:Public

[ 2017-11-17T20:31:35+08:00 ] ::1 /test/Public/plug/upimg/upimg.js
ERR: 无法加载模块:Public

[ 2017-11-17T20:31:35+08:00 ] ::1 /test/Public/plug/awesome/css/font-awesome.min.css
ERR: 无法加载模块:Public

[ 2017-11-17T20:33:02+08:00 ] ::1 /test/Public/plug/upimg/upimg.js
ERR: 无法加载模块:Public

[ 2017-11-17T20:33:03+08:00 ] ::1 /test/Public/plug/awesome/css/font-awesome.min.css
ERR: 无法加载模块:Public

[ 2017-11-17T20:33:57+08:00 ] ::1 /test/Public/plug/upimg/upimg.js
ERR: 无法加载模块:Public

[ 2017-11-17T20:33:57+08:00 ] ::1 /test/Public/plug/awesome/css/font-awesome.min.css
ERR: 无法加载模块:Public

[ 2017-11-17T20:37:12+08:00 ] ::1 /test/Public/plug/upimg/upimg.js
ERR: 无法加载模块:Public

[ 2017-11-17T20:37:12+08:00 ] ::1 /test/Public/plug/awesome/css/font-awesome.min.css
ERR: 无法加载模块:Public

[ 2017-11-17T20:37:37+08:00 ] ::1 /test/Public/plug/upimg/upimg.js
ERR: 无法加载模块:Public

[ 2017-11-17T20:37:37+08:00 ] ::1 /test/Public/plug/awesome/css/font-awesome.min.css
ERR: 无法加载模块:Public

[ 2017-11-17T20:37:38+08:00 ] ::1 /test/Public/plug/awesome/css/font-awesome.min.css
ERR: 无法加载模块:Public

[ 2017-11-17T20:37:45+08:00 ] ::1 /test/Public/plug/upimg/upimg.js
ERR: 无法加载模块:Public

[ 2017-11-17T20:37:45+08:00 ] ::1 /test/Public/plug/awesome/css/font-awesome.min.css
ERR: 无法加载模块:Public

[ 2017-11-17T20:39:33+08:00 ] ::1 /test/Public/plug/upimg/upimg.js
ERR: 无法加载模块:Public

[ 2017-11-17T20:39:33+08:00 ] ::1 /test/Public/plug/awesome/css/font-awesome.min.css
ERR: 无法加载模块:Public

[ 2017-11-17T20:40:10+08:00 ] ::1 /test/Public/plug/upimg/upimg.js
ERR: 无法加载模块:Public

[ 2017-11-17T20:40:10+08:00 ] ::1 /test/Public/plug/awesome/css/font-awesome.min.css
ERR: 无法加载模块:Public

[ 2017-11-17T20:42:21+08:00 ] ::1 /test/Public/plug/upimg/upimg.js
ERR: 无法加载模块:Public

[ 2017-11-17T20:42:21+08:00 ] ::1 /test/Public/plug/awesome/css/font-awesome.min.css
ERR: 无法加载模块:Public

[ 2017-11-17T20:42:23+08:00 ] ::1 /test/Public/plug/upimg/upimg.js
ERR: 无法加载模块:Public

[ 2017-11-17T20:42:23+08:00 ] ::1 /test/Public/plug/awesome/css/font-awesome.min.css
ERR: 无法加载模块:Public

[ 2017-11-17T20:42:50+08:00 ] ::1 /test/Public/plug/upimg/upimg.js
ERR: 无法加载模块:Public

[ 2017-11-17T20:42:50+08:00 ] ::1 /test/Public/plug/awesome/css/font-awesome.min.css
ERR: 无法加载模块:Public

[ 2017-11-17T20:44:41+08:00 ] ::1 /test/Public/plug/upimg/upimg.js
ERR: 无法加载模块:Public

[ 2017-11-17T20:44:41+08:00 ] ::1 /test/Public/plug/awesome/css/font-awesome.min.css
ERR: 无法加载模块:Public

[ 2017-11-17T20:45:00+08:00 ] ::1 /test/Public/plug/upimg/upimg.js
ERR: 无法加载模块:Public

[ 2017-11-17T20:45:00+08:00 ] ::1 /test/Public/plug/awesome/css/font-awesome.min.css
ERR: 无法加载模块:Public

[ 2017-11-17T20:45:37+08:00 ] ::1 /test/Public/plug/upimg/upimg.js
ERR: 无法加载模块:Public

[ 2017-11-17T20:45:37+08:00 ] ::1 /test/Public/plug/awesome/css/font-awesome.min.css
ERR: 无法加载模块:Public

[ 2017-11-17T20:47:26+08:00 ] ::1 /test/Public/plug/upimg/upimg.js
ERR: 无法加载模块:Public

[ 2017-11-17T20:47:26+08:00 ] ::1 /test/Public/plug/awesome/css/font-awesome.min.css
ERR: 无法加载模块:Public

[ 2017-11-17T20:50:26+08:00 ] ::1 /test/Public/plug/upimg/upimg.js
ERR: 无法加载模块:Public

[ 2017-11-17T20:50:26+08:00 ] ::1 /test/Public/plug/awesome/css/font-awesome.min.css
ERR: 无法加载模块:Public

[ 2017-11-17T20:50:29+08:00 ] ::1 /test/Public/plug/awesome/css/font-awesome.min.css
ERR: 无法加载模块:Public

[ 2017-11-17T20:50:37+08:00 ] ::1 /test/Public/plug/awesome/css/font-awesome.min.css
ERR: 无法加载模块:Public

[ 2017-11-17T20:50:37+08:00 ] ::1 /test/Public/plug/upimg/upimg.js
ERR: 无法加载模块:Public

[ 2017-11-17T20:50:38+08:00 ] ::1 /test/Public/plug/awesome/css/font-awesome.min.css
ERR: 无法加载模块:Public

[ 2017-11-17T20:51:27+08:00 ] ::1 /test/Public/plug/upimg/upimg.js
ERR: 无法加载模块:Public

[ 2017-11-17T20:51:27+08:00 ] ::1 /test/Public/plug/awesome/css/font-awesome.min.css
ERR: 无法加载模块:Public

[ 2017-11-17T20:51:41+08:00 ] ::1 /test/Public/plug/upimg/upimg.js
ERR: 无法加载模块:Public

[ 2017-11-17T20:51:41+08:00 ] ::1 /test/Public/plug/awesome/css/font-awesome.min.css
ERR: 无法加载模块:Public

[ 2017-11-17T20:52:14+08:00 ] ::1 /test/Public/plug/upimg/upimg.js
ERR: 无法加载模块:Public

[ 2017-11-17T20:52:14+08:00 ] ::1 /test/Public/plug/awesome/css/font-awesome.min.css
ERR: 无法加载模块:Public

[ 2017-11-17T20:52:40+08:00 ] ::1 /test/Public/plug/awesome/css/font-awesome.min.css
ERR: 无法加载模块:Public

[ 2017-11-17T20:52:40+08:00 ] ::1 /test/Public/plug/upimg/upimg.js
ERR: 无法加载模块:Public

[ 2017-11-17T20:52:40+08:00 ] ::1 /test/Public/plug/awesome/css/font-awesome.min.css
ERR: 无法加载模块:Public

[ 2017-11-17T21:09:18+08:00 ] ::1 /test/Public/plug/upimg/upimg.js
ERR: 无法加载模块:Public

[ 2017-11-17T21:09:18+08:00 ] ::1 /test/Public/plug/awesome/css/font-awesome.min.css
ERR: 无法加载模块:Public

[ 2017-11-17T21:10:43+08:00 ] ::1 /test/Public/plug/upimg/upimg.js
ERR: 无法加载模块:Public

[ 2017-11-17T21:10:43+08:00 ] ::1 /test/Public/plug/awesome/css/font-awesome.min.css
ERR: 无法加载模块:Public

[ 2017-11-17T21:15:54+08:00 ] ::1 /test/Public/plug/upimg/upimg.js
ERR: 无法加载模块:Public

[ 2017-11-17T21:15:54+08:00 ] ::1 /test/Public/plug/awesome/css/font-awesome.min.css
ERR: 无法加载模块:Public

[ 2017-11-17T21:15:54+08:00 ] ::1 /test/Site/Admin//View/Common/csssystem.css
ERR: 无法加载模块:Site

[ 2017-11-17T21:15:54+08:00 ] ::1 /test/Site/Admin//View/Common/csssystem.css
ERR: 无法加载模块:Site

[ 2017-11-17T21:16:03+08:00 ] ::1 /test/Public/plug/awesome/css/font-awesome.min.css
ERR: 无法加载模块:Public

[ 2017-11-17T21:16:03+08:00 ] ::1 /test/Site/Admin//View/Common/csssystem.css
ERR: 无法加载模块:Site

[ 2017-11-17T21:24:08+08:00 ] ::1 /test/Public/plug/upimg/upimg.js
ERR: 无法加载模块:Public

[ 2017-11-17T21:24:09+08:00 ] ::1 /test/Public/plug/awesome/css/font-awesome.min.css
ERR: 无法加载模块:Public

[ 2017-11-17T21:24:09+08:00 ] ::1 /test/Site/Admin//View/Common/csssystem.css
ERR: 无法加载模块:Site

[ 2017-11-17T21:24:34+08:00 ] ::1 /test/Public/plug/upimg/upimg.js
ERR: 无法加载模块:Public

[ 2017-11-17T21:24:35+08:00 ] ::1 /test/Public/plug/awesome/css/font-awesome.min.css
ERR: 无法加载模块:Public

[ 2017-11-17T21:24:35+08:00 ] ::1 /test/Site/Admin//View/Common/csssystem.css
ERR: 无法加载模块:Site

[ 2017-11-17T21:24:35+08:00 ] ::1 /test/Site/Admin//View/Common/csssystem.css
ERR: 无法加载模块:Site

[ 2017-11-17T21:35:03+08:00 ] ::1 /test/Public/plug/upimg/upimg.js
ERR: 无法加载模块:Public

[ 2017-11-17T21:35:03+08:00 ] ::1 /test/Public/plug/awesome/css/font-awesome.min.css
ERR: 无法加载模块:Public

[ 2017-11-17T21:35:03+08:00 ] ::1 /test/Site/Admin//View/Common/csssystem.css
ERR: 无法加载模块:Site

[ 2017-11-17T21:35:03+08:00 ] ::1 /test/Site/Admin//View/Common/csssystem.css
ERR: 无法加载模块:Site

[ 2017-11-17T21:41:33+08:00 ] ::1 /test/Public/plug/upimg/upimg.js
ERR: 无法加载模块:Public

[ 2017-11-17T21:41:33+08:00 ] ::1 /test/Public/plug/awesome/css/font-awesome.min.css
ERR: 无法加载模块:Public

[ 2017-11-17T21:41:33+08:00 ] ::1 /test/Site/Admin//View/Common/csssystem.css
ERR: 无法加载模块:Site

[ 2017-11-17T21:41:34+08:00 ] ::1 /test/Site/Admin//View/Common/csssystem.css
ERR: 无法加载模块:Site

[ 2017-11-17T21:45:26+08:00 ] ::1 /test/Public/plug/upimg/upimg.js
ERR: 无法加载模块:Public

[ 2017-11-17T21:45:26+08:00 ] ::1 /test/Public/plug/awesome/css/font-awesome.min.css
ERR: 无法加载模块:Public

[ 2017-11-17T21:45:26+08:00 ] ::1 /test/Site/Admin//View/Common/csssystem.css
ERR: 无法加载模块:Site

[ 2017-11-17T21:45:26+08:00 ] ::1 /test/Site/Admin//View/Common/csssystem.css
ERR: 无法加载模块:Site

[ 2017-11-17T21:46:14+08:00 ] ::1 /test/Public/plug/upimg/upimg.js
ERR: 无法加载模块:Public

[ 2017-11-17T21:46:14+08:00 ] ::1 /test/Public/plug/awesome/css/font-awesome.min.css
ERR: 无法加载模块:Public

[ 2017-11-17T21:46:14+08:00 ] ::1 /test/Site/Admin//View/Common/csssystem.css
ERR: 无法加载模块:Site

[ 2017-11-17T21:46:14+08:00 ] ::1 /test/Site/Admin//View/Common/csssystem.css
ERR: 无法加载模块:Site

[ 2017-11-17T21:48:46+08:00 ] ::1 /test/Public/plug/upimg/upimg.js
ERR: 无法加载模块:Public

[ 2017-11-17T21:48:46+08:00 ] ::1 /test/Public/plug/awesome/css/font-awesome.min.css
ERR: 无法加载模块:Public

[ 2017-11-17T21:48:50+08:00 ] ::1 /test/Public/plug/upimg/upimg.js
ERR: 无法加载模块:Public

[ 2017-11-17T21:48:50+08:00 ] ::1 /test/Site/Admin//View/Common/csssystem.css
ERR: 无法加载模块:Site

[ 2017-11-17T21:48:50+08:00 ] ::1 /test/Public/plug/awesome/css/font-awesome.min.css
ERR: 无法加载模块:Public

[ 2017-11-17T21:48:50+08:00 ] ::1 /test/Site/Admin//View/Common/csssystem.css
ERR: 无法加载模块:Site

[ 2017-11-17T21:48:53+08:00 ] ::1 /test/Public/plug/upimg/upimg.js
ERR: 无法加载模块:Public

[ 2017-11-17T21:48:53+08:00 ] ::1 /test/Public/plug/awesome/css/font-awesome.min.css
ERR: 无法加载模块:Public

[ 2017-11-17T21:51:16+08:00 ] ::1 /test/Public/plug/upimg/upimg.js
ERR: 无法加载模块:Public

[ 2017-11-17T21:51:16+08:00 ] ::1 /test/Public/plug/awesome/css/font-awesome.min.css
ERR: 无法加载模块:Public

[ 2017-11-17T22:04:48+08:00 ] ::1 /test/Public/plug/upimg/upimg.js
ERR: 无法加载模块:Public

[ 2017-11-17T22:04:48+08:00 ] ::1 /test/Public/plug/awesome/css/font-awesome.min.css
ERR: 无法加载模块:Public

[ 2017-11-17T22:04:59+08:00 ] ::1 /test/Public/plug/awesome/css/font-awesome.min.css
ERR: 无法加载模块:Public

[ 2017-11-17T22:07:45+08:00 ] ::1 /test/Public/plug/upimg/upimg.js
ERR: 无法加载模块:Public

[ 2017-11-17T22:07:45+08:00 ] ::1 /test/Public/plug/awesome/css/font-awesome.min.css
ERR: 无法加载模块:Public

[ 2017-11-17T22:07:54+08:00 ] ::1 /test/Public/plug/awesome/css/font-awesome.min.css
ERR: 无法加载模块:Public

[ 2017-11-17T22:07:54+08:00 ] ::1 /test/Public/plug/upimg/upimg.js
ERR: 无法加载模块:Public

[ 2017-11-17T22:07:54+08:00 ] ::1 /test/Public/plug/upimg/upimg.js
ERR: 无法加载模块:Public

[ 2017-11-17T22:07:54+08:00 ] ::1 /test/Public/plug/awesome/css/font-awesome.min.css
ERR: 无法加载模块:Public

[ 2017-11-17T22:07:57+08:00 ] ::1 /test/Public/plug/upimg/upimg.js
ERR: 无法加载模块:Public

[ 2017-11-17T22:07:57+08:00 ] ::1 /test/Public/plug/awesome/css/font-awesome.min.css
ERR: 无法加载模块:Public

[ 2017-11-17T22:07:58+08:00 ] ::1 /test/Public/plug/upimg/upimg.js
ERR: 无法加载模块:Public

[ 2017-11-17T22:07:58+08:00 ] ::1 /test/Public/plug/awesome/css/font-awesome.min.css
ERR: 无法加载模块:Public

[ 2017-11-17T22:35:38+08:00 ] ::1 /test/Public/plug/upimg/upimg.js
ERR: 无法加载模块:Public

[ 2017-11-17T22:35:38+08:00 ] ::1 /test/Public/plug/awesome/css/font-awesome.min.css
ERR: 无法加载模块:Public

[ 2017-11-17T22:36:03+08:00 ] ::1 /test/Public/plug/upimg/upimg.js
ERR: 无法加载模块:Public

[ 2017-11-17T22:36:03+08:00 ] ::1 /test/Public/plug/awesome/css/font-awesome.min.css
ERR: 无法加载模块:Public

[ 2017-11-17T22:36:15+08:00 ] ::1 /test/Public/plug/upimg/upimg.js
ERR: 无法加载模块:Public

[ 2017-11-17T22:36:15+08:00 ] ::1 /test/Public/plug/awesome/css/font-awesome.min.css
ERR: 无法加载模块:Public

[ 2017-11-17T22:36:15+08:00 ] ::1 /test/Public/plug/upimg/upimg.js
ERR: 无法加载模块:Public

[ 2017-11-17T22:36:15+08:00 ] ::1 /test/Public/plug/awesome/css/font-awesome.min.css
ERR: 无法加载模块:Public

[ 2017-11-17T22:36:49+08:00 ] ::1 /test/Public/plug/upimg/upimg.js
ERR: 无法加载模块:Public

[ 2017-11-17T22:36:49+08:00 ] ::1 /test/Public/plug/awesome/css/font-awesome.min.css
ERR: 无法加载模块:Public

[ 2017-11-17T22:36:57+08:00 ] ::1 /test/Public/plug/upimg/upimg.js
ERR: 无法加载模块:Public

[ 2017-11-17T22:36:57+08:00 ] ::1 /test/Public/plug/awesome/css/font-awesome.min.css
ERR: 无法加载模块:Public

[ 2017-11-17T22:37:20+08:00 ] ::1 /test/Public/plug/upimg/upimg.js
ERR: 无法加载模块:Public

[ 2017-11-17T22:37:20+08:00 ] ::1 /test/Public/plug/awesome/css/font-awesome.min.css
ERR: 无法加载模块:Public

[ 2017-11-17T22:37:21+08:00 ] ::1 /test/Public/plug/upimg/upimg.js
ERR: 无法加载模块:Public

[ 2017-11-17T22:37:21+08:00 ] ::1 /test/Public/plug/awesome/css/font-awesome.min.css
ERR: 无法加载模块:Public

