[ 2017-11-15T22:58:30+08:00 ] ::1 /test/Site/Admin/Veiw/Common/js/jquery-1.11.2.min.js
ERR: 无法加载模块:Site

[ 2017-11-15T22:59:53+08:00 ] ::1 /test/Public/plug/upimg/upimg.js
ERR: 无法加载模块:Public

[ 2017-11-15T22:59:53+08:00 ] ::1 /test/Public/plug/awesome/css/font-awesome.min.css
ERR: 无法加载模块:Public

[ 2017-11-15T22:59:53+08:00 ] ::1 /test/Public/images/logo.png
ERR: 无法加载模块:Public

[ 2017-11-15T22:59:55+08:00 ] ::1 /test/Public/plug/upimg/upimg.js
ERR: 无法加载模块:Public

[ 2017-11-15T22:59:55+08:00 ] ::1 /test/Public/plug/awesome/css/font-awesome.min.css
ERR: 无法加载模块:Public

[ 2017-11-15T22:59:55+08:00 ] ::1 /test/Public/images/logo.png
ERR: 无法加载模块:Public

[ 2017-11-15T23:00:01+08:00 ] ::1 /test/Public/plug/awesome/css/font-awesome.min.css
ERR: 无法加载模块:Public

[ 2017-11-15T23:00:39+08:00 ] ::1 /test/Public/plug/upimg/upimg.js
ERR: 无法加载模块:Public

[ 2017-11-15T23:00:39+08:00 ] ::1 /test/Public/plug/awesome/css/font-awesome.min.css
ERR: 无法加载模块:Public

[ 2017-11-15T23:00:39+08:00 ] ::1 /test/Site/Admin/View/Common/images/images/logo.png
ERR: 无法加载模块:Site

[ 2017-11-15T23:02:00+08:00 ] ::1 /test/Public/plug/upimg/upimg.js
ERR: 无法加载模块:Public

[ 2017-11-15T23:02:00+08:00 ] ::1 /test/Public/plug/awesome/css/font-awesome.min.css
ERR: 无法加载模块:Public

[ 2017-11-15T23:02:00+08:00 ] ::1 /test/Public/plug/upimg/upimg.js
ERR: 无法加载模块:Public

[ 2017-11-15T23:02:00+08:00 ] ::1 /test/Public/plug/awesome/css/font-awesome.min.css
ERR: 无法加载模块:Public

[ 2017-11-15T23:02:06+08:00 ] ::1 /test/Site/Admin/Veiw/Common/js/jquery-1.11.2.min.js
ERR: 无法加载模块:Site

[ 2017-11-15T23:11:24+08:00 ] ::1 /test/Public/plug/awesome/css/font-awesome.min.css
ERR: 无法加载模块:Public

[ 2017-11-15T23:11:24+08:00 ] ::1 /test/Public/plug/upimg/upimg.js
ERR: 无法加载模块:Public

[ 2017-11-15T23:11:24+08:00 ] ::1 /test/Public/plug/upimg/upimg.js
ERR: 无法加载模块:Public

[ 2017-11-15T23:11:24+08:00 ] ::1 /test/Public/plug/awesome/css/font-awesome.min.css
ERR: 无法加载模块:Public

[ 2017-11-15T23:15:18+08:00 ] ::1 /test/Public/plug/upimg/upimg.js
ERR: 无法加载模块:Public

[ 2017-11-15T23:15:18+08:00 ] ::1 /test/Public/plug/awesome/css/font-awesome.min.css
ERR: 无法加载模块:Public

[ 2017-11-15T23:15:18+08:00 ] ::1 /test/Public/plug/upimg/upimg.js
ERR: 无法加载模块:Public

[ 2017-11-15T23:15:18+08:00 ] ::1 /test/Public/plug/awesome/css/font-awesome.min.css
ERR: 无法加载模块:Public

[ 2017-11-15T23:15:20+08:00 ] ::1 /test/Public/plug/upimg/upimg.js
ERR: 无法加载模块:Public

[ 2017-11-15T23:15:20+08:00 ] ::1 /test/Public/plug/awesome/css/font-awesome.min.css
ERR: 无法加载模块:Public

[ 2017-11-15T23:15:22+08:00 ] ::1 /test/Public/plug/upimg/upimg.js
ERR: 无法加载模块:Public

[ 2017-11-15T23:15:22+08:00 ] ::1 /test/Public/plug/awesome/css/font-awesome.min.css
ERR: 无法加载模块:Public

[ 2017-11-15T23:19:38+08:00 ] ::1 /test/Public/plug/upimg/upimg.js
ERR: 无法加载模块:Public

[ 2017-11-15T23:19:38+08:00 ] ::1 /test/Public/plug/awesome/css/font-awesome.min.css
ERR: 无法加载模块:Public

[ 2017-11-15T23:20:44+08:00 ] ::1 /test/Public/plug/upimg/upimg.js
ERR: 无法加载模块:Public

[ 2017-11-15T23:20:44+08:00 ] ::1 /test/Public/plug/awesome/css/font-awesome.min.css
ERR: 无法加载模块:Public

[ 2017-11-15T23:20:57+08:00 ] ::1 /test/Public/plug/upimg/upimg.js
ERR: 无法加载模块:Public

[ 2017-11-15T23:20:57+08:00 ] ::1 /test/Public/plug/awesome/css/font-awesome.min.css
ERR: 无法加载模块:Public

[ 2017-11-15T23:23:54+08:00 ] ::1 /test/Public/plug/upimg/upimg.js
ERR: 无法加载模块:Public

[ 2017-11-15T23:23:54+08:00 ] ::1 /test/Public/plug/awesome/css/font-awesome.min.css
ERR: 无法加载模块:Public

[ 2017-11-15T23:31:24+08:00 ] ::1 /test/Public/plug/upimg/upimg.js
ERR: 无法加载模块:Public

[ 2017-11-15T23:31:24+08:00 ] ::1 /test/Public/plug/awesome/css/font-awesome.min.css
ERR: 无法加载模块:Public

[ 2017-11-15T23:32:00+08:00 ] ::1 /test/Public/plug/upimg/upimg.js
ERR: 无法加载模块:Public

[ 2017-11-15T23:32:01+08:00 ] ::1 /test/Public/plug/awesome/css/font-awesome.min.css
ERR: 无法加载模块:Public

[ 2017-11-15T23:35:29+08:00 ] ::1 /test/Public/plug/upimg/upimg.js
ERR: 无法加载模块:Public

[ 2017-11-15T23:35:29+08:00 ] ::1 /test/Public/plug/awesome/css/font-awesome.min.css
ERR: 无法加载模块:Public

