[ 2018-01-12T20:50:17+08:00 ] ::1 /test/Public/plug/upimg/upimg.js
ERR: 无法加载模块:Public

[ 2018-01-12T20:50:17+08:00 ] ::1 /test/Public/plug/awesome/css/font-awesome.min.css
ERR: 无法加载模块:Public

[ 2018-01-12T20:50:55+08:00 ] ::1 /test/Public/plug/upimg/upimg.js
ERR: 无法加载模块:Public

[ 2018-01-12T20:50:55+08:00 ] ::1 /test/Public/plug/awesome/css/font-awesome.min.css
ERR: 无法加载模块:Public

[ 2018-01-12T20:50:55+08:00 ] ::1 /test/Site/Admin//View/Common/csssystem.css
ERR: 无法加载模块:Site

[ 2018-01-12T20:50:56+08:00 ] ::1 /test/Site/Admin//View/Common/csssystem.css
ERR: 无法加载模块:Site

[ 2018-01-12T20:51:28+08:00 ] ::1 /test/Public/plug/upimg/upimg.js
ERR: 无法加载模块:Public

[ 2018-01-12T20:51:28+08:00 ] ::1 /test/Public/plug/awesome/css/font-awesome.min.css
ERR: 无法加载模块:Public

[ 2018-01-12T21:15:45+08:00 ] ::1 /test/Public/plug/upimg/upimg.js
ERR: 无法加载模块:Public

[ 2018-01-12T21:15:45+08:00 ] ::1 /test/Public/plug/awesome/css/font-awesome.min.css
ERR: 无法加载模块:Public

[ 2018-01-12T21:15:45+08:00 ] ::1 /test/Public/plug/upimg/upimg.js
ERR: 无法加载模块:Public

[ 2018-01-12T21:15:45+08:00 ] ::1 /test/Public/plug/awesome/css/font-awesome.min.css
ERR: 无法加载模块:Public

[ 2018-01-12T21:15:53+08:00 ] ::1 /test/Public/plug/upimg/upimg.js
ERR: 无法加载模块:Public

[ 2018-01-12T21:15:54+08:00 ] ::1 /test/Public/plug/awesome/css/font-awesome.min.css
ERR: 无法加载模块:Public

[ 2018-01-12T21:15:54+08:00 ] ::1 /test/Public/plug/upimg/upimg.js
ERR: 无法加载模块:Public

[ 2018-01-12T21:15:54+08:00 ] ::1 /test/Public/plug/awesome/css/font-awesome.min.css
ERR: 无法加载模块:Public

[ 2018-01-12T21:24:42+08:00 ] ::1 /test/Public/plug/awesome/css/font-awesome.min.css
ERR: 无法加载模块:Public

[ 2018-01-12T21:24:42+08:00 ] ::1 /test/Public/plug/upimg/upimg.js
ERR: 无法加载模块:Public

[ 2018-01-12T21:24:42+08:00 ] ::1 /test/Public/plug/upimg/upimg.js
ERR: 无法加载模块:Public

[ 2018-01-12T21:24:42+08:00 ] ::1 /test/Public/plug/awesome/css/font-awesome.min.css
ERR: 无法加载模块:Public

[ 2018-01-12T21:26:44+08:00 ] ::1 /test/Public/plug/awesome/css/font-awesome.min.css
ERR: 无法加载模块:Public

[ 2018-01-12T21:28:37+08:00 ] ::1 /test/Public/plug/upimg/upimg.js
ERR: 无法加载模块:Public

[ 2018-01-12T21:28:37+08:00 ] ::1 /test/Public/plug/awesome/css/font-awesome.min.css
ERR: 无法加载模块:Public

