[ 2018-01-12T20:50:16+08:00 ] ::1 /test/Admin/Login/login.html
INFO: [ app_begin ] --START--
INFO: Run Behavior\ReadHtmlCacheBehavior [ RunTime:0.001001s ]
INFO: [ app_begin ] --END-- [ RunTime:0.002001s ]
SQL: SHOW COLUMNS FROM `tp_manage` [ RunTime:0.0090s ]
NOTIC: [8] Undefined index: auto D:\phpStudy\WWW\test\Include\Library\Think\Model.class.php 第 1128 行.
SQL: SELECT * FROM `tp_manage` WHERE `username` = 'admin' LIMIT 1   [ RunTime:0.0000s ]
SQL: UPDATE `tp_manage` SET `last_login_time`='1515761416',`last_login_ip`='0.0.0.0' WHERE `id` = 1 [ RunTime:0.0000s ]

[ 2018-01-12T20:50:18+08:00 ] ::1 /test/Admin/Category/ajax_category.html
INFO: [ app_begin ] --START--
INFO: Run Behavior\ReadHtmlCacheBehavior [ RunTime:0.001000s ]
INFO: [ app_begin ] --END-- [ RunTime:0.002000s ]
ERR: 无法加载控制器:Category

[ 2018-01-12T20:50:20+08:00 ] ::1 /test/Admin/Common/clear_cache.html
INFO: [ app_begin ] --START--
INFO: Run Behavior\ReadHtmlCacheBehavior [ RunTime:0.000000s ]
INFO: [ app_begin ] --END-- [ RunTime:0.001000s ]
ERR: 非法操作:clear_cache

[ 2018-01-12T21:15:44+08:00 ] ::1 /test/Admin/Login/login.html
INFO: [ app_begin ] --START--
INFO: Run Behavior\ReadHtmlCacheBehavior [ RunTime:0.001000s ]
INFO: [ app_begin ] --END-- [ RunTime:0.002000s ]
SQL: SHOW COLUMNS FROM `tp_manage` [ RunTime:0.0080s ]
NOTIC: [8] Undefined index: auto D:\phpStudy\WWW\test\Include\Library\Think\Model.class.php 第 1128 行.
SQL: SELECT * FROM `tp_manage` WHERE `username` = 'admin' LIMIT 1   [ RunTime:0.0000s ]
SQL: UPDATE `tp_manage` SET `last_login_time`='1515762944',`last_login_ip`='0.0.0.0' WHERE `id` = 1 [ RunTime:0.0010s ]

[ 2018-01-12T21:15:46+08:00 ] ::1 /test/Admin/Category/ajax_category.html
INFO: [ app_begin ] --START--
INFO: Run Behavior\ReadHtmlCacheBehavior [ RunTime:0.001000s ]
INFO: [ app_begin ] --END-- [ RunTime:0.002000s ]
ERR: 无法加载控制器:Category

[ 2018-01-12T21:20:49+08:00 ] ::1 /test/Admin/system/add_config
INFO: [ app_begin ] --START--
INFO: Run Behavior\ReadHtmlCacheBehavior [ RunTime:0.001000s ]
INFO: [ app_begin ] --END-- [ RunTime:0.001000s ]
SQL: SHOW COLUMNS FROM `tp_config` [ RunTime:0.0080s ]
NOTIC: [2] Missing argument 1 for I(), called in D:\phpStudy\WWW\test\Site\Admin\Controller\SystemController.class.php on line 36 and defined D:\phpStudy\WWW\test\Include\Common\functions.php 第 271 行.
NOTIC: [8] Undefined variable: name D:\phpStudy\WWW\test\Include\Common\functions.php 第 273 行.
NOTIC: [8] Undefined variable: name D:\phpStudy\WWW\test\Include\Common\functions.php 第 278 行.
NOTIC: [8] Undefined variable: name D:\phpStudy\WWW\test\Include\Common\functions.php 第 339 行.

[ 2018-01-12T21:26:28+08:00 ] ::1 /test/Admin/system/add_config
INFO: [ app_begin ] --START--
INFO: Run Behavior\ReadHtmlCacheBehavior [ RunTime:0.001000s ]
INFO: [ app_begin ] --END-- [ RunTime:0.002000s ]
SQL: SHOW COLUMNS FROM `tp_config` [ RunTime:0.0090s ]
NOTIC: [2] Missing argument 1 for I(), called in D:\phpStudy\WWW\test\Site\Admin\Controller\SystemController.class.php on line 36 and defined D:\phpStudy\WWW\test\Include\Common\functions.php 第 271 行.
NOTIC: [8] Undefined variable: name D:\phpStudy\WWW\test\Include\Common\functions.php 第 273 行.
NOTIC: [8] Undefined variable: name D:\phpStudy\WWW\test\Include\Common\functions.php 第 278 行.
NOTIC: [8] Undefined variable: name D:\phpStudy\WWW\test\Include\Common\functions.php 第 339 行.
SQL: SELECT * FROM `tp_config` WHERE `name` = 'site_title' LIMIT 1   [ RunTime:0.0000s ]
NOTIC: [8] Undefined index: auto D:\phpStudy\WWW\test\Include\Library\Think\Model.class.php 第 1128 行.
INFO: [ app_end ] --START--
INFO: Run Behavior\ShowPageTraceBehavior [ RunTime:0.001000s ]
INFO: [ app_end ] --END-- [ RunTime:0.001000s ]

[ 2018-01-12T21:26:48+08:00 ] ::1 /test/Admin/system/add_config
INFO: [ app_begin ] --START--
INFO: Run Behavior\ReadHtmlCacheBehavior [ RunTime:0.000000s ]
INFO: [ app_begin ] --END-- [ RunTime:0.001000s ]
SQL: SHOW COLUMNS FROM `tp_config` [ RunTime:0.0080s ]
NOTIC: [2] Missing argument 1 for I(), called in D:\phpStudy\WWW\test\Site\Admin\Controller\SystemController.class.php on line 36 and defined D:\phpStudy\WWW\test\Include\Common\functions.php 第 271 行.
NOTIC: [8] Undefined variable: name D:\phpStudy\WWW\test\Include\Common\functions.php 第 273 行.
NOTIC: [8] Undefined variable: name D:\phpStudy\WWW\test\Include\Common\functions.php 第 278 行.
NOTIC: [8] Undefined variable: name D:\phpStudy\WWW\test\Include\Common\functions.php 第 339 行.
SQL: SELECT * FROM `tp_config` WHERE `name` = 'site_title' LIMIT 1   [ RunTime:0.0000s ]
NOTIC: [8] Undefined index: auto D:\phpStudy\WWW\test\Include\Library\Think\Model.class.php 第 1128 行.
INFO: [ app_end ] --START--
INFO: Run Behavior\ShowPageTraceBehavior [ RunTime:0.001000s ]
INFO: [ app_end ] --END-- [ RunTime:0.001000s ]

[ 2018-01-12T21:28:16+08:00 ] ::1 /test/Admin/system/add_config
INFO: [ app_begin ] --START--
INFO: Run Behavior\ReadHtmlCacheBehavior [ RunTime:0.001000s ]
INFO: [ app_begin ] --END-- [ RunTime:0.001000s ]
SQL: SHOW COLUMNS FROM `tp_config` [ RunTime:0.0080s ]
NOTIC: [2] Missing argument 1 for I(), called in D:\phpStudy\WWW\test\Site\Admin\Controller\SystemController.class.php on line 36 and defined D:\phpStudy\WWW\test\Include\Common\functions.php 第 271 行.
NOTIC: [8] Undefined variable: name D:\phpStudy\WWW\test\Include\Common\functions.php 第 273 行.
NOTIC: [8] Undefined variable: name D:\phpStudy\WWW\test\Include\Common\functions.php 第 278 行.
NOTIC: [8] Undefined variable: name D:\phpStudy\WWW\test\Include\Common\functions.php 第 339 行.
SQL: SELECT * FROM `tp_config` WHERE `name` = 'site_title' LIMIT 1   [ RunTime:0.0000s ]
NOTIC: [8] Undefined index: auto D:\phpStudy\WWW\test\Include\Library\Think\Model.class.php 第 1128 行.
NOTIC: [8] Array to string conversion D:\phpStudy\WWW\test\Site\Admin\Controller\SystemController.class.php 第 47 行.
INFO: [ app_end ] --START--
INFO: Run Behavior\ShowPageTraceBehavior [ RunTime:0.001000s ]
INFO: [ app_end ] --END-- [ RunTime:0.001000s ]

[ 2018-01-12T21:28:38+08:00 ] ::1 /test/Admin/system/index.js.map
ERR: 非法操作:index.js.map

[ 2018-01-12T21:28:44+08:00 ] ::1 /test/Admin/system/add_config
INFO: [ app_begin ] --START--
INFO: Run Behavior\ReadHtmlCacheBehavior [ RunTime:0.001000s ]
INFO: [ app_begin ] --END-- [ RunTime:0.002000s ]
SQL: SHOW COLUMNS FROM `tp_config` [ RunTime:0.0100s ]
NOTIC: [2] Missing argument 1 for I(), called in D:\phpStudy\WWW\test\Site\Admin\Controller\SystemController.class.php on line 36 and defined D:\phpStudy\WWW\test\Include\Common\functions.php 第 271 行.
NOTIC: [8] Undefined variable: name D:\phpStudy\WWW\test\Include\Common\functions.php 第 273 行.
NOTIC: [8] Undefined variable: name D:\phpStudy\WWW\test\Include\Common\functions.php 第 278 行.
NOTIC: [8] Undefined variable: name D:\phpStudy\WWW\test\Include\Common\functions.php 第 339 行.

[ 2018-01-12T21:29:24+08:00 ] ::1 /test/Admin/system/add_config
INFO: [ app_begin ] --START--
INFO: Run Behavior\ReadHtmlCacheBehavior [ RunTime:0.001000s ]
INFO: [ app_begin ] --END-- [ RunTime:0.001000s ]
SQL: SHOW COLUMNS FROM `tp_config` [ RunTime:0.0090s ]
NOTIC: [2] Missing argument 1 for I(), called in D:\phpStudy\WWW\test\Site\Admin\Controller\SystemController.class.php on line 36 and defined D:\phpStudy\WWW\test\Include\Common\functions.php 第 271 行.
NOTIC: [8] Undefined variable: name D:\phpStudy\WWW\test\Include\Common\functions.php 第 273 行.
NOTIC: [8] Undefined variable: name D:\phpStudy\WWW\test\Include\Common\functions.php 第 278 行.
NOTIC: [8] Undefined variable: name D:\phpStudy\WWW\test\Include\Common\functions.php 第 339 行.
SQL: SELECT * FROM `tp_config` WHERE `name` = 'site_title' LIMIT 1   [ RunTime:0.0000s ]
NOTIC: [8] Undefined index: auto D:\phpStudy\WWW\test\Include\Library\Think\Model.class.php 第 1128 行.
INFO: [ app_end ] --START--
INFO: Run Behavior\ShowPageTraceBehavior [ RunTime:0.001000s ]
INFO: [ app_end ] --END-- [ RunTime:0.001000s ]

[ 2018-01-12T21:31:14+08:00 ] ::1 /test/Admin/system/add_config
INFO: [ app_begin ] --START--
INFO: Run Behavior\ReadHtmlCacheBehavior [ RunTime:0.001000s ]
INFO: [ app_begin ] --END-- [ RunTime:0.001000s ]
SQL: SHOW COLUMNS FROM `tp_config` [ RunTime:0.0070s ]
NOTIC: [2] Missing argument 1 for I(), called in D:\phpStudy\WWW\test\Site\Admin\Controller\SystemController.class.php on line 36 and defined D:\phpStudy\WWW\test\Include\Common\functions.php 第 271 行.
NOTIC: [8] Undefined variable: name D:\phpStudy\WWW\test\Include\Common\functions.php 第 273 行.
NOTIC: [8] Undefined variable: name D:\phpStudy\WWW\test\Include\Common\functions.php 第 278 行.
NOTIC: [8] Undefined variable: name D:\phpStudy\WWW\test\Include\Common\functions.php 第 339 行.
SQL: SELECT * FROM `tp_config` WHERE `name` = 'site_title' LIMIT 1   [ RunTime:0.0000s ]
NOTIC: [8] Undefined index: auto D:\phpStudy\WWW\test\Include\Library\Think\Model.class.php 第 1128 行.
INFO: [ app_end ] --START--
INFO: Run Behavior\ShowPageTraceBehavior [ RunTime:0.001000s ]
INFO: [ app_end ] --END-- [ RunTime:0.001000s ]

[ 2018-01-12T21:32:04+08:00 ] ::1 /test/Admin/system/add_config
INFO: [ app_begin ] --START--
INFO: Run Behavior\ReadHtmlCacheBehavior [ RunTime:0.001000s ]
INFO: [ app_begin ] --END-- [ RunTime:0.002000s ]
SQL: SHOW COLUMNS FROM `tp_config` [ RunTime:0.0070s ]
NOTIC: [2] Missing argument 1 for I(), called in D:\phpStudy\WWW\test\Site\Admin\Controller\SystemController.class.php on line 36 and defined D:\phpStudy\WWW\test\Include\Common\functions.php 第 271 行.
NOTIC: [8] Undefined variable: name D:\phpStudy\WWW\test\Include\Common\functions.php 第 273 行.
NOTIC: [8] Undefined variable: name D:\phpStudy\WWW\test\Include\Common\functions.php 第 278 行.
NOTIC: [8] Undefined variable: name D:\phpStudy\WWW\test\Include\Common\functions.php 第 339 行.
SQL: SELECT * FROM `tp_config` WHERE `name` = 'site_title' LIMIT 1   [ RunTime:0.0000s ]
NOTIC: [8] Undefined index: auto D:\phpStudy\WWW\test\Include\Library\Think\Model.class.php 第 1128 行.
INFO: [ app_end ] --START--
INFO: Run Behavior\ShowPageTraceBehavior [ RunTime:0.002001s ]
INFO: [ app_end ] --END-- [ RunTime:0.002001s ]

[ 2018-01-12T21:32:45+08:00 ] ::1 /test/Admin/system/add_config
INFO: [ app_begin ] --START--
INFO: Run Behavior\ReadHtmlCacheBehavior [ RunTime:0.003001s ]
INFO: [ app_begin ] --END-- [ RunTime:0.004001s ]
SQL: SHOW COLUMNS FROM `tp_config` [ RunTime:0.0070s ]
NOTIC: [2] Missing argument 1 for I(), called in D:\phpStudy\WWW\test\Site\Admin\Controller\SystemController.class.php on line 36 and defined D:\phpStudy\WWW\test\Include\Common\functions.php 第 271 行.
NOTIC: [8] Undefined variable: name D:\phpStudy\WWW\test\Include\Common\functions.php 第 273 行.
NOTIC: [8] Undefined variable: name D:\phpStudy\WWW\test\Include\Common\functions.php 第 278 行.
NOTIC: [8] Undefined variable: name D:\phpStudy\WWW\test\Include\Common\functions.php 第 339 行.
SQL: SELECT * FROM `tp_config` WHERE `name` = 'SITE_TITLE' LIMIT 1   [ RunTime:0.0000s ]
NOTIC: [8] Undefined index: auto D:\phpStudy\WWW\test\Include\Library\Think\Model.class.php 第 1128 行.
INFO: [ app_end ] --START--
INFO: Run Behavior\ShowPageTraceBehavior [ RunTime:0.001000s ]
INFO: [ app_end ] --END-- [ RunTime:0.001000s ]

[ 2018-01-12T21:50:55+08:00 ] ::1 /test/Admin/system/add_config
INFO: [ app_begin ] --START--
INFO: Run Behavior\ReadHtmlCacheBehavior [ RunTime:0.001000s ]
INFO: [ app_begin ] --END-- [ RunTime:0.002001s ]
SQL: SHOW COLUMNS FROM `tp_config` [ RunTime:0.0090s ]
NOTIC: [2] Missing argument 1 for I(), called in D:\phpStudy\WWW\test\Site\Admin\Controller\SystemController.class.php on line 36 and defined D:\phpStudy\WWW\test\Include\Common\functions.php 第 271 行.
NOTIC: [8] Undefined variable: name D:\phpStudy\WWW\test\Include\Common\functions.php 第 273 行.
NOTIC: [8] Undefined variable: name D:\phpStudy\WWW\test\Include\Common\functions.php 第 278 行.
NOTIC: [8] Undefined variable: name D:\phpStudy\WWW\test\Include\Common\functions.php 第 339 行.
SQL: SELECT * FROM `tp_config` WHERE `name` = 'SITE_TITLE' LIMIT 1   [ RunTime:0.0010s ]
NOTIC: [8] Undefined index: auto D:\phpStudy\WWW\test\Include\Library\Think\Model.class.php 第 1128 行.
SQL: INSERT INTO `tp_config` (`name`,`title`,`type`,`group`,`remark`,`status`,`sort`,`id`) VALUES ('SITE_TITLE','网站标题','0','0','网站标题','1','0','0') [ RunTime:0.0010s ]

[ 2018-01-12T21:51:42+08:00 ] ::1 /test/Admin/System/index.js.map
ERR: 非法操作:index.js.map

[ 2018-01-12T21:51:46+08:00 ] ::1 /test/Admin/System/index.js.map
ERR: 非法操作:index.js.map

[ 2018-01-12T21:51:50+08:00 ] ::1 /test/Admin/System/index.js.map
ERR: 非法操作:index.js.map

[ 2018-01-12T21:53:45+08:00 ] ::1 /test/Admin/System/add_config.html
INFO: [ app_begin ] --START--
INFO: Run Behavior\ReadHtmlCacheBehavior [ RunTime:0.000000s ]
INFO: [ app_begin ] --END-- [ RunTime:0.002000s ]
SQL: SHOW COLUMNS FROM `tp_config` [ RunTime:0.0070s ]
NOTIC: [2] Missing argument 1 for I(), called in D:\phpStudy\WWW\test\Site\Admin\Controller\SystemController.class.php on line 36 and defined D:\phpStudy\WWW\test\Include\Common\functions.php 第 271 行.
NOTIC: [8] Undefined variable: name D:\phpStudy\WWW\test\Include\Common\functions.php 第 273 行.
NOTIC: [8] Undefined variable: name D:\phpStudy\WWW\test\Include\Common\functions.php 第 278 行.
NOTIC: [8] Undefined variable: name D:\phpStudy\WWW\test\Include\Common\functions.php 第 339 行.
SQL: SELECT * FROM `tp_config` WHERE `name` = 'SITE_LOGO' LIMIT 1   [ RunTime:0.0000s ]
NOTIC: [8] Undefined index: auto D:\phpStudy\WWW\test\Include\Library\Think\Model.class.php 第 1128 行.
SQL: INSERT INTO `tp_config` (`name`,`title`,`type`,`group`,`remark`,`status`,`sort`,`id`) VALUES ('SITE_LOGO','网站logo','0','0','网站logo','1','0','0') [ RunTime:0.0010s ]

[ 2018-01-12T21:55:22+08:00 ] ::1 /test/Admin/System/index.js.map
ERR: 非法操作:index.js.map

[ 2018-01-12T21:55:24+08:00 ] ::1 /test/Admin/System/index.js.map
ERR: 非法操作:index.js.map

[ 2018-01-12T21:56:17+08:00 ] ::1 /test/Admin/System/add_config.html
INFO: [ app_begin ] --START--
INFO: Run Behavior\ReadHtmlCacheBehavior [ RunTime:0.001000s ]
INFO: [ app_begin ] --END-- [ RunTime:0.002000s ]
SQL: SHOW COLUMNS FROM `tp_config` [ RunTime:0.0080s ]
NOTIC: [2] Missing argument 1 for I(), called in D:\phpStudy\WWW\test\Site\Admin\Controller\SystemController.class.php on line 36 and defined D:\phpStudy\WWW\test\Include\Common\functions.php 第 271 行.
NOTIC: [8] Undefined variable: name D:\phpStudy\WWW\test\Include\Common\functions.php 第 273 行.
NOTIC: [8] Undefined variable: name D:\phpStudy\WWW\test\Include\Common\functions.php 第 278 行.
NOTIC: [8] Undefined variable: name D:\phpStudy\WWW\test\Include\Common\functions.php 第 339 行.
SQL: SELECT * FROM `tp_config` WHERE `name` = 'SITE_DESCRIPTION' LIMIT 1   [ RunTime:0.0000s ]
NOTIC: [8] Undefined index: auto D:\phpStudy\WWW\test\Include\Library\Think\Model.class.php 第 1128 行.

[ 2018-01-12T21:59:02+08:00 ] ::1 /test/Admin/System/add_config.html
INFO: [ app_begin ] --START--
INFO: Run Behavior\ReadHtmlCacheBehavior [ RunTime:0.001000s ]
INFO: [ app_begin ] --END-- [ RunTime:0.003000s ]
SQL: SHOW COLUMNS FROM `tp_config` [ RunTime:0.0090s ]
NOTIC: [2] Missing argument 1 for I(), called in D:\phpStudy\WWW\test\Site\Admin\Controller\SystemController.class.php on line 36 and defined D:\phpStudy\WWW\test\Include\Common\functions.php 第 271 行.
NOTIC: [8] Undefined variable: name D:\phpStudy\WWW\test\Include\Common\functions.php 第 273 行.
NOTIC: [8] Undefined variable: name D:\phpStudy\WWW\test\Include\Common\functions.php 第 278 行.
NOTIC: [8] Undefined variable: name D:\phpStudy\WWW\test\Include\Common\functions.php 第 339 行.
SQL: SELECT * FROM `tp_config` WHERE `name` = 'SITE_DESCRIPTION' LIMIT 1   [ RunTime:0.0000s ]
NOTIC: [8] Undefined index: auto D:\phpStudy\WWW\test\Include\Library\Think\Model.class.php 第 1128 行.

[ 2018-01-12T22:02:31+08:00 ] ::1 /test/Admin/System/add_config.html
INFO: [ app_begin ] --START--
INFO: Run Behavior\ReadHtmlCacheBehavior [ RunTime:0.001000s ]
INFO: [ app_begin ] --END-- [ RunTime:0.001000s ]
SQL: SHOW COLUMNS FROM `tp_config` [ RunTime:0.0090s ]
NOTIC: [2] Missing argument 1 for I(), called in D:\phpStudy\WWW\test\Site\Admin\Controller\SystemController.class.php on line 36 and defined D:\phpStudy\WWW\test\Include\Common\functions.php 第 271 行.
NOTIC: [8] Undefined variable: name D:\phpStudy\WWW\test\Include\Common\functions.php 第 273 行.
NOTIC: [8] Undefined variable: name D:\phpStudy\WWW\test\Include\Common\functions.php 第 278 行.
NOTIC: [8] Undefined variable: name D:\phpStudy\WWW\test\Include\Common\functions.php 第 339 行.
SQL: SELECT * FROM `tp_config` WHERE `name` = 'SITE_DESCRIPTION' LIMIT 1   [ RunTime:0.0000s ]
NOTIC: [8] Undefined index: auto D:\phpStudy\WWW\test\Include\Library\Think\Model.class.php 第 1128 行.

[ 2018-01-12T22:03:13+08:00 ] ::1 /test/Admin/System/add_config.html
INFO: [ app_begin ] --START--
INFO: Run Behavior\ReadHtmlCacheBehavior [ RunTime:0.001000s ]
INFO: [ app_begin ] --END-- [ RunTime:0.002000s ]
SQL: SHOW COLUMNS FROM `tp_config` [ RunTime:0.0090s ]
NOTIC: [2] Missing argument 1 for I(), called in D:\phpStudy\WWW\test\Site\Admin\Controller\SystemController.class.php on line 36 and defined D:\phpStudy\WWW\test\Include\Common\functions.php 第 271 行.
NOTIC: [8] Undefined variable: name D:\phpStudy\WWW\test\Include\Common\functions.php 第 273 行.
NOTIC: [8] Undefined variable: name D:\phpStudy\WWW\test\Include\Common\functions.php 第 278 行.
NOTIC: [8] Undefined variable: name D:\phpStudy\WWW\test\Include\Common\functions.php 第 339 行.
SQL: SELECT * FROM `tp_config` WHERE `name` = 'SITE_DESCRIPTION' LIMIT 1   [ RunTime:0.0000s ]
NOTIC: [8] Undefined index: auto D:\phpStudy\WWW\test\Include\Library\Think\Model.class.php 第 1128 行.

